
Showing logs for build [32mcb-kubecd-environment-pr-180-61-fbtrf-1[0m stage [32mfrom-build-pack[0m and container [32mstep-credential-initializer-c4b26[0m
{"level":"warn","ts":1584139055.0775828,"logger":"fallback-logger","caller":"logging/config.go:69","msg":"Fetch GitHub commit ID from kodata failed: \"ref: refs/heads/0.8.0-**-support-backwards-incompats\" is not a valid GitHub commit ID"}
{"level":"info","ts":1584139055.0786033,"logger":"fallback-logger","caller":"creds-init/main.go:40","msg":"Credentials initialized."}

Showing logs for build [32mcb-kubecd-environment-pr-180-61-fbtrf-1[0m stage [32mfrom-build-pack[0m and container [32mstep-working-dir-initializer-84v6t[0m
{"level":"warn","ts":1584139056.350891,"logger":"fallback-logger","caller":"logging/config.go:69","msg":"Fetch GitHub commit ID from kodata failed: open /var/run/ko/HEAD: no such file or directory"}
{"level":"info","ts":1584139056.3528643,"logger":"fallback-logger","caller":"bash/main.go:64","msg":"Successfully executed command \"sh -c mkdir -p /workspace/source\"; output "}

Showing logs for build [32mcb-kubecd-environment-pr-180-61-fbtrf-1[0m stage [32mfrom-build-pack[0m and container [32mstep-place-tools[0m

Showing logs for build [32mcb-kubecd-environment-pr-180-61-fbtrf-1[0m stage [32mfrom-build-pack[0m and container [32mstep-git-source-cb-kubecd-environment-pr-180-61-fbtrf-n8b6k[0m
{"level":"warn","ts":1584139084.4822626,"logger":"fallback-logger","caller":"logging/config.go:69","msg":"Fetch GitHub commit ID from kodata failed: \"ref: refs/heads/0.8.0-**-support-backwards-incompats\" is not a valid GitHub commit ID"}
{"level":"info","ts":1584139085.554059,"logger":"fallback-logger","caller":"git/git.go:103","msg":"Successfully cloned https://github.com/cb-kubecd/environment-pr-180-61-boot-gke-production.git @ master in path /workspace/source"}

Showing logs for build [32mcb-kubecd-environment-pr-180-61-fbtrf-1[0m stage [32mfrom-build-pack[0m and container [32mstep-git-merge[0m
Using SHAs from PULL_REFS=master:f5d588449c4ab8e469858e3f32c40104926f629e,1:2ad19987078ccb060cd4044fb62370569ed5213a
DEBUG: LC_ALL=C JX_LOG_LEVEL=error git fetch origin --unshallow 2ad19987078ccb060cd4044fb62370569ed5213a: f5d588449c4ab8e469858e3f32c40104926f629e:
DEBUG: ran git fetch --unshallow origin 2ad19987078ccb060cd4044fb62370569ed5213a: f5d588449c4ab8e469858e3f32c40104926f629e: in 
DEBUG: LC_ALL=C JX_LOG_LEVEL=error git branch
DEBUG: LC_ALL=C JX_LOG_LEVEL=error git checkout master
DEBUG: ran git checkout master in 
DEBUG: LC_ALL=C JX_LOG_LEVEL=error git reset --hard f5d588449c4ab8e469858e3f32c40104926f629e
DEBUG: ran git reset --hard f5d588449c4ab8e469858e3f32c40104926f629e in 
DEBUG: LC_ALL=C JX_LOG_LEVEL=error git clean -fd .
DEBUG: ran clean --force -d . in 
DEBUG: LC_ALL=C JX_LOG_LEVEL=error git merge 2ad19987078ccb060cd4044fb62370569ed5213a
DEBUG: ran git merge 2ad19987078ccb060cd4044fb62370569ed5213a in 
DEBUG: LC_ALL=C JX_LOG_LEVEL=error git log --format=%H%x1f%an%x1f%ae%x1f%cn%x1f%ce%x1f%s%n%b%x1e f5d588449c4ab8e469858e3f32c40104926f629e..HEAD
Merged SHA 2ad19987078ccb060cd4044fb62370569ed5213a with commit message 'chore: Promote bdd-spring-1584138209 to version 0.0.1' into base branch master

Showing logs for build [32mcb-kubecd-environment-pr-180-61-fbtrf-1[0m stage [32mfrom-build-pack[0m and container [32mstep-build-helm-build[0m
WARNING: No $CHART_REPOSITORY defined so using the default value of: http://jenkins-x-chartmuseum:8080
Adding missing Helm repo: storage.googleapis.com https://storage.googleapis.com/chartmuseum.jenkins-x.io
WARNING: No secrets found on "helm/repos" due: reading the secret "helm/repos" from vault: no secret "helm/repos" not found in vault
Read credentials for https://storage.googleapis.com/chartmuseum.jenkins-x.io from vault helm/repos
Successfully added Helm repository storage.googleapis.com.
Adding missing Helm repo: jenkins-x-chartmuseum http://jenkins-x-chartmuseum:8080
WARNING: No secrets found on "helm/repos" due: reading the secret "helm/repos" from vault: no secret "helm/repos" not found in vault
Read credentials for http://jenkins-x-chartmuseum:8080 from vault helm/repos
Successfully added Helm repository jenkins-x-chartmuseum.
WARNING: No $CHART_REPOSITORY defined so using the default value of: http://jenkins-x-chartmuseum:8080
Adding missing Helm repo: chartmuseum.jenkins-x.io http://chartmuseum.jenkins-x.io
WARNING: No secrets found on "helm/repos" due: reading the secret "helm/repos" from vault: no secret "helm/repos" not found in vault
Read credentials for http://chartmuseum.jenkins-x.io from vault helm/repos
Successfully added Helm repository chartmuseum.jenkins-x.io.
